{"/home/elbert/Desktop/GildedRoseAWS/src/gilded_rose.js": {"path":"/home/elbert/Desktop/GildedRoseAWS/src/gilded_rose.js","statementMap":{"0":{"start":{"line":3,"column":4},"end":{"line":3,"column":21}},"1":{"start":{"line":4,"column":4},"end":{"line":4,"column":25}},"2":{"start":{"line":5,"column":4},"end":{"line":5,"column":27}},"3":{"start":{"line":11,"column":4},"end":{"line":11,"column":23}},"4":{"start":{"line":14,"column":4},"end":{"line":67,"column":5}},"5":{"start":{"line":14,"column":17},"end":{"line":14,"column":18}},"6":{"start":{"line":15,"column":26},"end":{"line":15,"column":39}},"7":{"start":{"line":18,"column":6},"end":{"line":40,"column":7}},"8":{"start":{"line":19,"column":8},"end":{"line":23,"column":9}},"9":{"start":{"line":20,"column":10},"end":{"line":22,"column":11}},"10":{"start":{"line":21,"column":12},"end":{"line":21,"column":58}},"11":{"start":{"line":25,"column":8},"end":{"line":39,"column":9}},"12":{"start":{"line":26,"column":10},"end":{"line":26,"column":56}},"13":{"start":{"line":27,"column":10},"end":{"line":38,"column":11}},"14":{"start":{"line":28,"column":12},"end":{"line":32,"column":13}},"15":{"start":{"line":29,"column":14},"end":{"line":31,"column":15}},"16":{"start":{"line":30,"column":16},"end":{"line":30,"column":62}},"17":{"start":{"line":33,"column":12},"end":{"line":37,"column":13}},"18":{"start":{"line":34,"column":14},"end":{"line":36,"column":15}},"19":{"start":{"line":35,"column":16},"end":{"line":35,"column":62}},"20":{"start":{"line":41,"column":6},"end":{"line":43,"column":7}},"21":{"start":{"line":42,"column":8},"end":{"line":42,"column":52}},"22":{"start":{"line":44,"column":6},"end":{"line":60,"column":7}},"23":{"start":{"line":45,"column":8},"end":{"line":59,"column":9}},"24":{"start":{"line":46,"column":10},"end":{"line":54,"column":11}},"25":{"start":{"line":47,"column":12},"end":{"line":51,"column":13}},"26":{"start":{"line":48,"column":14},"end":{"line":50,"column":15}},"27":{"start":{"line":49,"column":16},"end":{"line":49,"column":62}},"28":{"start":{"line":53,"column":12},"end":{"line":53,"column":76}},"29":{"start":{"line":56,"column":10},"end":{"line":58,"column":11}},"30":{"start":{"line":57,"column":12},"end":{"line":57,"column":58}},"31":{"start":{"line":63,"column":6},"end":{"line":66,"column":7}},"32":{"start":{"line":64,"column":8},"end":{"line":64,"column":33}},"33":{"start":{"line":65,"column":8},"end":{"line":65,"column":32}},"34":{"start":{"line":69,"column":4},"end":{"line":69,"column":22}},"35":{"start":{"line":73,"column":0},"end":{"line":76,"column":1}}},"fnMap":{"0":{"name":"(anonymous_0)","decl":{"start":{"line":2,"column":2},"end":{"line":2,"column":3}},"loc":{"start":{"line":2,"column":36},"end":{"line":6,"column":3}},"line":2},"1":{"name":"(anonymous_1)","decl":{"start":{"line":10,"column":2},"end":{"line":10,"column":3}},"loc":{"start":{"line":10,"column":23},"end":{"line":12,"column":3}},"line":10},"2":{"name":"(anonymous_2)","decl":{"start":{"line":13,"column":2},"end":{"line":13,"column":3}},"loc":{"start":{"line":13,"column":18},"end":{"line":70,"column":3}},"line":13}},"branchMap":{"0":{"loc":{"start":{"line":10,"column":14},"end":{"line":10,"column":22}},"type":"default-arg","locations":[{"start":{"line":10,"column":20},"end":{"line":10,"column":22}}],"line":10},"1":{"loc":{"start":{"line":18,"column":6},"end":{"line":40,"column":7}},"type":"if","locations":[{"start":{"line":18,"column":6},"end":{"line":40,"column":7}},{"start":{"line":18,"column":6},"end":{"line":40,"column":7}}],"line":18},"2":{"loc":{"start":{"line":18,"column":10},"end":{"line":18,"column":108}},"type":"binary-expr","locations":[{"start":{"line":18,"column":10},"end":{"line":18,"column":41}},{"start":{"line":18,"column":45},"end":{"line":18,"column":108}}],"line":18},"3":{"loc":{"start":{"line":19,"column":8},"end":{"line":23,"column":9}},"type":"if","locations":[{"start":{"line":19,"column":8},"end":{"line":23,"column":9}},{"start":{"line":19,"column":8},"end":{"line":23,"column":9}}],"line":19},"4":{"loc":{"start":{"line":20,"column":10},"end":{"line":22,"column":11}},"type":"if","locations":[{"start":{"line":20,"column":10},"end":{"line":22,"column":11}},{"start":{"line":20,"column":10},"end":{"line":22,"column":11}}],"line":20},"5":{"loc":{"start":{"line":25,"column":8},"end":{"line":39,"column":9}},"type":"if","locations":[{"start":{"line":25,"column":8},"end":{"line":39,"column":9}},{"start":{"line":25,"column":8},"end":{"line":39,"column":9}}],"line":25},"6":{"loc":{"start":{"line":27,"column":10},"end":{"line":38,"column":11}},"type":"if","locations":[{"start":{"line":27,"column":10},"end":{"line":38,"column":11}},{"start":{"line":27,"column":10},"end":{"line":38,"column":11}}],"line":27},"7":{"loc":{"start":{"line":28,"column":12},"end":{"line":32,"column":13}},"type":"if","locations":[{"start":{"line":28,"column":12},"end":{"line":32,"column":13}},{"start":{"line":28,"column":12},"end":{"line":32,"column":13}}],"line":28},"8":{"loc":{"start":{"line":29,"column":14},"end":{"line":31,"column":15}},"type":"if","locations":[{"start":{"line":29,"column":14},"end":{"line":31,"column":15}},{"start":{"line":29,"column":14},"end":{"line":31,"column":15}}],"line":29},"9":{"loc":{"start":{"line":33,"column":12},"end":{"line":37,"column":13}},"type":"if","locations":[{"start":{"line":33,"column":12},"end":{"line":37,"column":13}},{"start":{"line":33,"column":12},"end":{"line":37,"column":13}}],"line":33},"10":{"loc":{"start":{"line":34,"column":14},"end":{"line":36,"column":15}},"type":"if","locations":[{"start":{"line":34,"column":14},"end":{"line":36,"column":15}},{"start":{"line":34,"column":14},"end":{"line":36,"column":15}}],"line":34},"11":{"loc":{"start":{"line":41,"column":6},"end":{"line":43,"column":7}},"type":"if","locations":[{"start":{"line":41,"column":6},"end":{"line":43,"column":7}},{"start":{"line":41,"column":6},"end":{"line":43,"column":7}}],"line":41},"12":{"loc":{"start":{"line":44,"column":6},"end":{"line":60,"column":7}},"type":"if","locations":[{"start":{"line":44,"column":6},"end":{"line":60,"column":7}},{"start":{"line":44,"column":6},"end":{"line":60,"column":7}}],"line":44},"13":{"loc":{"start":{"line":45,"column":8},"end":{"line":59,"column":9}},"type":"if","locations":[{"start":{"line":45,"column":8},"end":{"line":59,"column":9}},{"start":{"line":45,"column":8},"end":{"line":59,"column":9}}],"line":45},"14":{"loc":{"start":{"line":46,"column":10},"end":{"line":54,"column":11}},"type":"if","locations":[{"start":{"line":46,"column":10},"end":{"line":54,"column":11}},{"start":{"line":46,"column":10},"end":{"line":54,"column":11}}],"line":46},"15":{"loc":{"start":{"line":47,"column":12},"end":{"line":51,"column":13}},"type":"if","locations":[{"start":{"line":47,"column":12},"end":{"line":51,"column":13}},{"start":{"line":47,"column":12},"end":{"line":51,"column":13}}],"line":47},"16":{"loc":{"start":{"line":48,"column":14},"end":{"line":50,"column":15}},"type":"if","locations":[{"start":{"line":48,"column":14},"end":{"line":50,"column":15}},{"start":{"line":48,"column":14},"end":{"line":50,"column":15}}],"line":48},"17":{"loc":{"start":{"line":56,"column":10},"end":{"line":58,"column":11}},"type":"if","locations":[{"start":{"line":56,"column":10},"end":{"line":58,"column":11}},{"start":{"line":56,"column":10},"end":{"line":58,"column":11}}],"line":56},"18":{"loc":{"start":{"line":63,"column":6},"end":{"line":66,"column":7}},"type":"if","locations":[{"start":{"line":63,"column":6},"end":{"line":66,"column":7}},{"start":{"line":63,"column":6},"end":{"line":66,"column":7}}],"line":63}},"s":{"0":15,"1":15,"2":15,"3":15,"4":426,"5":426,"6":426,"7":426,"8":133,"9":41,"10":21,"11":293,"12":222,"13":222,"14":172,"15":147,"16":147,"17":172,"18":133,"19":133,"20":426,"21":406,"22":426,"23":330,"24":240,"25":115,"26":22,"27":4,"28":125,"29":90,"30":20,"31":426,"32":20,"33":20,"34":426,"35":1},"f":{"0":15,"1":15,"2":426},"b":{"0":[0],"1":[133,293],"2":[426,306],"3":[41,92],"4":[21,20],"5":[222,71],"6":[172,50],"7":[147,25],"8":[147,0],"9":[133,39],"10":[133,0],"11":[406,20],"12":[330,96],"13":[240,90],"14":[115,125],"15":[22,93],"16":[4,18],"17":[20,70],"18":[20,406]},"_coverageSchema":"43e27e138ebf9cfc5966b082cf9a028302ed4184","hash":"a11040978da44f79cb59691add12f2f44415e9b4"}
}
