TN:
SF:/home/elbert/Desktop/GildedRoseAWS/src/gilded_rose.js
FN:2,(anonymous_0)
FN:10,(anonymous_1)
FN:13,(anonymous_2)
FNF:3
FNH:3
FNDA:15,(anonymous_0)
FNDA:15,(anonymous_1)
FNDA:426,(anonymous_2)
DA:3,15
DA:4,15
DA:5,15
DA:11,15
DA:14,426
DA:15,426
DA:18,426
DA:19,133
DA:20,41
DA:21,21
DA:25,293
DA:26,222
DA:27,222
DA:28,172
DA:29,147
DA:30,147
DA:33,172
DA:34,133
DA:35,133
DA:41,426
DA:42,406
DA:44,426
DA:45,330
DA:46,240
DA:47,115
DA:48,22
DA:49,4
DA:53,125
DA:56,90
DA:57,20
DA:63,426
DA:64,20
DA:65,20
DA:69,426
DA:73,1
LF:35
LH:35
BRDA:10,0,0,0
BRDA:18,1,0,133
BRDA:18,1,1,293
BRDA:18,2,0,426
BRDA:18,2,1,306
BRDA:19,3,0,41
BRDA:19,3,1,92
BRDA:20,4,0,21
BRDA:20,4,1,20
BRDA:25,5,0,222
BRDA:25,5,1,71
BRDA:27,6,0,172
BRDA:27,6,1,50
BRDA:28,7,0,147
BRDA:28,7,1,25
BRDA:29,8,0,147
BRDA:29,8,1,0
BRDA:33,9,0,133
BRDA:33,9,1,39
BRDA:34,10,0,133
BRDA:34,10,1,0
BRDA:41,11,0,406
BRDA:41,11,1,20
BRDA:44,12,0,330
BRDA:44,12,1,96
BRDA:45,13,0,240
BRDA:45,13,1,90
BRDA:46,14,0,115
BRDA:46,14,1,125
BRDA:47,15,0,22
BRDA:47,15,1,93
BRDA:48,16,0,4
BRDA:48,16,1,18
BRDA:56,17,0,20
BRDA:56,17,1,70
BRDA:63,18,0,20
BRDA:63,18,1,406
BRF:37
BRH:34
end_of_record
